<?xml version="1.0" encoding="UTF-8"?>
<testsuites name="TestSuite1" time="82" tests="3" failures="0" errors="0">
   <testsuite name="TestSuite1" tests="3" failures="0" errors="0" time="82" timestamp="2019-01-10 14:46:20" hostname="naresh.reddy - ZL-HYD-LT0048.zee.esselgroup.local" id="Test Suites/TestSuite1">
      <properties>
         <property name="deviceName" value=""/>
         <property name="devicePlatform" value=""/>
         <property name="logFolder" value="C:\\Users\\naresh.reddy\\Katalon Studio\\Automation\\Reports\\TestSuite1\\20190110_144616"/>
         <property name="logFiles" value="C:\\Users\\naresh.reddy\\Katalon Studio\\Automation\\Reports\\TestSuite1\\20190110_144616\\execution0.log"/>
         <property name="attachments" value=""/>
         <property name="hostName" value="naresh.reddy - ZL-HYD-LT0048.zee.esselgroup.local"/>
         <property name="os" value="Windows 10 64bit"/>
         <property name="katalonVersion" value="5.9.1.2"/>
         <property name="browser" value="Chrome 71.0.3578.98"/>
         <property name="hostAddress" value="10.33.21.57"/>
         <property name="sessionId" value="ae6a37ef6ce5356db4d36b77ca533e6b"/>
         <property name="seleniumVersion" value="3.7.1"/>
         <property name="proxyInformation" value="ProxyInformation{proxyOption=NO_PROXY, proxyServerType=HTTP, password=, proxyServerAddress=, proxyServerPort=0}"/>
         <property name="platform" value="Windows 10"/>
      </properties>
      <testcase name="Test Cases/CIS_Login" classname="Test Cases/CIS_Login" status="PASSED">
         <system-out><![CDATA[2019-01-10 14:46:22 - [TEST_CASE][PASSED] - Test Cases/CIS_Login: Test Cases/CIS_Login

2019-01-10 14:46:23 - [TEST_STEP][PASSED] - openBrowser(""): Browser is opened with url: ''

2019-01-10 14:46:24 - [MESSAGE][INFO] - Starting 'Chrome' driver

2019-01-10 14:46:24 - [MESSAGE][INFO] - Action delay is set to 0 seconds

2019-01-10 14:46:30 - [MESSAGE][PASSED] - Browser is opened with url: ''

2019-01-10 14:46:30 - [TEST_STEP][PASSED] - navigateToUrl("http://erp.cisin.com/login.asp"): Navigate to 'http://erp.cisin.com/login.asp' successfully

2019-01-10 14:46:33 - [MESSAGE][PASSED] - Navigate to 'http://erp.cisin.com/login.asp' successfully

2019-01-10 14:46:33 - [TEST_STEP][PASSED] - delay(2): Delayed 2 second(s)

2019-01-10 14:46:35 - [MESSAGE][PASSED] - Delayed 2 second(s)

2019-01-10 14:46:35 - [TEST_STEP][PASSED] - setText(findTestObject("Object Repository/cis/Page_Cyber Infrastructure/input_Email_uname"), "naresh.r@cisinlabs.com"): Text 'naresh.r@cisinlabs.com' is set on object 'Object Repository/cis/Page_Cyber Infrastructure/input_Email_uname'

2019-01-10 14:46:36 - [MESSAGE][PASSED] - Text 'naresh.r@cisinlabs.com' is set on object 'Object Repository/cis/Page_Cyber Infrastructure/input_Email_uname'

2019-01-10 14:46:36 - [TEST_STEP][PASSED] - setEncryptedText(findTestObject("Object Repository/cis/Page_Cyber Infrastructure/input_Password_pass"), "qeJ0sjJnwEs="): Text ****** has been set on object 'Object Repository/cis/Page_Cyber Infrastructure/input_Password_pass'

2019-01-10 14:46:36 - [MESSAGE][PASSED] - Text ****** has been set on object 'Object Repository/cis/Page_Cyber Infrastructure/input_Password_pass'

2019-01-10 14:46:36 - [TEST_STEP][PASSED] - click(findTestObject("Object Repository/cis/Page_Cyber Infrastructure/input_Password_submit-login")): Object: 'Object Repository/cis/Page_Cyber Infrastructure/input_Password_submit-login' is clicked on

2019-01-10 14:46:36 - [MESSAGE][PASSED] - Object: 'Object Repository/cis/Page_Cyber Infrastructure/input_Password_submit-login' is clicked on

2019-01-10 14:46:36 - [TEST_STEP][PASSED] - closeBrowser(): Browser is closed

2019-01-10 14:46:37 - [MESSAGE][PASSED] - Browser is closed]]></system-out>
         <system-err><![CDATA[]]></system-err>
      </testcase>
      <testcase name="Test Cases/Login" classname="Test Cases/Login" status="PASSED">
         <system-out><![CDATA[2019-01-10 14:46:37 - [TEST_CASE][PASSED] - Test Cases/Login: Test Cases/Login

2019-01-10 14:46:38 - [TEST_STEP][PASSED] - openBrowser(""): Browser is opened with url: ''

2019-01-10 14:46:38 - [MESSAGE][INFO] - Starting 'Chrome' driver

2019-01-10 14:46:43 - [MESSAGE][PASSED] - Browser is opened with url: ''

2019-01-10 14:46:43 - [TEST_STEP][PASSED] - maximizeWindow(): Current window maximized

2019-01-10 14:46:44 - [MESSAGE][PASSED] - Current window maximized

2019-01-10 14:46:44 - [TEST_STEP][PASSED] - navigateToUrl("https://www.zee5.com/"): Navigate to 'https://www.zee5.com/' successfully

2019-01-10 14:46:53 - [MESSAGE][PASSED] - Navigate to 'https://www.zee5.com/' successfully

2019-01-10 14:46:53 - [TEST_STEP][PASSED] - delay(4): Delayed 4 second(s)

2019-01-10 14:46:57 - [MESSAGE][PASSED] - Delayed 4 second(s)

2019-01-10 14:46:57 - [TEST_STEP][PASSED] - click(findTestObject("Object Repository/HomePage/Page_Watch TV Serials Original Show/span_Not Now")): Object: 'Object Repository/HomePage/Page_Watch TV Serials Original Show/span_Not Now' is clicked on

2019-01-10 14:46:57 - [MESSAGE][PASSED] - Object: 'Object Repository/HomePage/Page_Watch TV Serials Original Show/span_Not Now' is clicked on

2019-01-10 14:46:57 - [TEST_STEP][PASSED] - delay(2): Delayed 2 second(s)

2019-01-10 14:46:59 - [MESSAGE][PASSED] - Delayed 2 second(s)

2019-01-10 14:46:59 - [TEST_STEP][PASSED] - closeBrowser(): Browser is closed

2019-01-10 14:47:00 - [MESSAGE][PASSED] - Browser is closed]]></system-out>
         <system-err><![CDATA[]]></system-err>
      </testcase>
      <testcase name="Test Cases/guru99" classname="Test Cases/guru99" status="PASSED">
         <system-out><![CDATA[2019-01-10 14:47:00 - [TEST_CASE][PASSED] - Test Cases/guru99: Test Cases/guru99

2019-01-10 14:47:01 - [TEST_STEP][PASSED] - openBrowser(""): Browser is opened with url: ''

2019-01-10 14:47:01 - [MESSAGE][INFO] - Starting 'Chrome' driver

2019-01-10 14:47:05 - [MESSAGE][PASSED] - Browser is opened with url: ''

2019-01-10 14:47:05 - [TEST_STEP][PASSED] - navigateToUrl("https://www.guru99.com/"): Navigate to 'https://www.guru99.com/' successfully

2019-01-10 14:47:42 - [MESSAGE][PASSED] - Navigate to 'https://www.guru99.com/' successfully

2019-01-10 14:47:42 - [TEST_STEP][PASSED] - closeBrowser(): Browser is closed

2019-01-10 14:47:43 - [MESSAGE][PASSED] - Browser is closed]]></system-out>
         <system-err><![CDATA[]]></system-err>
      </testcase>
      <system-out><![CDATA[2019-01-10 14:46:20 - [TEST_SUITE][PASSED] - TestSuite1: Test Cases/guru99]]></system-out>
      <system-err><![CDATA[]]></system-err>
   </testsuite>
</testsuites>
