<?xml version="1.0" encoding="UTF-8"?>
<testsuites name="TestSuite1" time="34" tests="2" failures="0" errors="0">
   <testsuite name="TestSuite1" tests="2" failures="0" errors="0" time="34" timestamp="2019-01-10 14:55:19" hostname="naresh.reddy - ZL-HYD-LT0048.zee.esselgroup.local" id="Test Suites/TestSuite1">
      <properties>
         <property name="deviceName" value=""/>
         <property name="devicePlatform" value=""/>
         <property name="logFolder" value="C:\\Users\\naresh.reddy\\git\\Automation\\Reports\\TestSuite1\\20190110_145515"/>
         <property name="logFiles" value="C:\\Users\\naresh.reddy\\git\\Automation\\Reports\\TestSuite1\\20190110_145515\\execution0.log"/>
         <property name="attachments" value=""/>
         <property name="hostName" value="naresh.reddy - ZL-HYD-LT0048.zee.esselgroup.local"/>
         <property name="os" value="Windows 10 64bit"/>
         <property name="katalonVersion" value="5.9.1.2"/>
         <property name="browser" value="Chrome 71.0.3578.98"/>
         <property name="hostAddress" value="10.33.21.57"/>
         <property name="sessionId" value="6e072660884d2cfa02d209f2d4b2444b"/>
         <property name="seleniumVersion" value="3.7.1"/>
         <property name="proxyInformation" value="ProxyInformation{proxyOption=NO_PROXY, proxyServerType=HTTP, password=, proxyServerAddress=, proxyServerPort=0}"/>
         <property name="platform" value="Windows 10"/>
      </properties>
      <testcase name="Test Cases/CIS_Login" classname="Test Cases/CIS_Login" status="PASSED">
         <system-out><![CDATA[2019-01-10 14:55:20 - [TEST_CASE][PASSED] - Test Cases/CIS_Login: Test Cases/CIS_Login

2019-01-10 14:55:21 - [TEST_STEP][PASSED] - openBrowser(""): Browser is opened with url: ''

2019-01-10 14:55:22 - [MESSAGE][INFO] - Starting 'Chrome' driver

2019-01-10 14:55:22 - [MESSAGE][INFO] - Action delay is set to 0 seconds

2019-01-10 14:55:28 - [MESSAGE][PASSED] - Browser is opened with url: ''

2019-01-10 14:55:28 - [TEST_STEP][PASSED] - navigateToUrl("http://erp.cisin.com/login.asp"): Navigate to 'http://erp.cisin.com/login.asp' successfully

2019-01-10 14:55:30 - [MESSAGE][PASSED] - Navigate to 'http://erp.cisin.com/login.asp' successfully

2019-01-10 14:55:30 - [TEST_STEP][PASSED] - delay(2): Delayed 2 second(s)

2019-01-10 14:55:32 - [MESSAGE][PASSED] - Delayed 2 second(s)

2019-01-10 14:55:32 - [TEST_STEP][PASSED] - setText(findTestObject("Object Repository/cis/Page_Cyber Infrastructure/input_Email_uname"), "naresh.r@cisinlabs.com"): Text 'naresh.r@cisinlabs.com' is set on object 'Object Repository/cis/Page_Cyber Infrastructure/input_Email_uname'

2019-01-10 14:55:33 - [MESSAGE][PASSED] - Text 'naresh.r@cisinlabs.com' is set on object 'Object Repository/cis/Page_Cyber Infrastructure/input_Email_uname'

2019-01-10 14:55:33 - [TEST_STEP][PASSED] - setEncryptedText(findTestObject("Object Repository/cis/Page_Cyber Infrastructure/input_Password_pass"), "qeJ0sjJnwEs="): Text ****** has been set on object 'Object Repository/cis/Page_Cyber Infrastructure/input_Password_pass'

2019-01-10 14:55:33 - [MESSAGE][PASSED] - Text ****** has been set on object 'Object Repository/cis/Page_Cyber Infrastructure/input_Password_pass'

2019-01-10 14:55:33 - [TEST_STEP][PASSED] - click(findTestObject("Object Repository/cis/Page_Cyber Infrastructure/input_Password_submit-login")): Object: 'Object Repository/cis/Page_Cyber Infrastructure/input_Password_submit-login' is clicked on

2019-01-10 14:55:33 - [MESSAGE][PASSED] - Object: 'Object Repository/cis/Page_Cyber Infrastructure/input_Password_submit-login' is clicked on

2019-01-10 14:55:33 - [TEST_STEP][PASSED] - closeBrowser(): Browser is closed

2019-01-10 14:55:34 - [MESSAGE][PASSED] - Browser is closed]]></system-out>
         <system-err><![CDATA[]]></system-err>
      </testcase>
      <testcase name="Test Cases/Login" classname="Test Cases/Login" status="PASSED">
         <system-out><![CDATA[2019-01-10 14:55:34 - [TEST_CASE][PASSED] - Test Cases/Login: Test Cases/Login

2019-01-10 14:55:35 - [TEST_STEP][PASSED] - openBrowser(""): Browser is opened with url: ''

2019-01-10 14:55:35 - [MESSAGE][INFO] - Starting 'Chrome' driver

2019-01-10 14:55:37 - [MESSAGE][PASSED] - Browser is opened with url: ''

2019-01-10 14:55:37 - [TEST_STEP][PASSED] - maximizeWindow(): Current window maximized

2019-01-10 14:55:38 - [MESSAGE][PASSED] - Current window maximized

2019-01-10 14:55:38 - [TEST_STEP][PASSED] - navigateToUrl("https://www.zee5.com/"): Navigate to 'https://www.zee5.com/' successfully

2019-01-10 14:55:47 - [MESSAGE][PASSED] - Navigate to 'https://www.zee5.com/' successfully

2019-01-10 14:55:47 - [TEST_STEP][PASSED] - delay(4): Delayed 4 second(s)

2019-01-10 14:55:51 - [MESSAGE][PASSED] - Delayed 4 second(s)

2019-01-10 14:55:51 - [TEST_STEP][PASSED] - click(findTestObject("Object Repository/HomePage/Page_Watch TV Serials Original Show/span_Not Now")): Object: 'Object Repository/HomePage/Page_Watch TV Serials Original Show/span_Not Now' is clicked on

2019-01-10 14:55:51 - [MESSAGE][PASSED] - Object: 'Object Repository/HomePage/Page_Watch TV Serials Original Show/span_Not Now' is clicked on

2019-01-10 14:55:51 - [TEST_STEP][PASSED] - delay(2): Delayed 2 second(s)

2019-01-10 14:55:53 - [MESSAGE][PASSED] - Delayed 2 second(s)

2019-01-10 14:55:53 - [TEST_STEP][PASSED] - closeBrowser(): Browser is closed

2019-01-10 14:55:54 - [MESSAGE][PASSED] - Browser is closed]]></system-out>
         <system-err><![CDATA[]]></system-err>
      </testcase>
      <system-out><![CDATA[2019-01-10 14:55:19 - [TEST_SUITE][PASSED] - TestSuite1: Test Cases/Login]]></system-out>
      <system-err><![CDATA[]]></system-err>
   </testsuite>
</testsuites>
